[debug] [2020-03-22T03:00:01.690Z] ----------------------------------------------------------------------
[debug] [2020-03-22T03:00:01.691Z] Command:       /usr/local/bin/node /usr/local/bin/firebase serve
[debug] [2020-03-22T03:00:01.692Z] CLI Version:   7.15.1
[debug] [2020-03-22T03:00:01.692Z] Platform:      darwin
[debug] [2020-03-22T03:00:01.692Z] Node Version:  v10.16.3
[debug] [2020-03-22T03:00:01.692Z] Time:          Sat Mar 21 2020 20:00:01 GMT-0700 (Pacific Daylight Time)
[debug] [2020-03-22T03:00:01.692Z] ----------------------------------------------------------------------
[debug] [2020-03-22T03:00:01.692Z] 
[debug] [2020-03-22T03:00:01.698Z] > command requires scopes: ["email","openid","https://www.googleapis.com/auth/cloudplatformprojects.readonly","https://www.googleapis.com/auth/firebase","https://www.googleapis.com/auth/cloud-platform"]
[debug] [2020-03-22T03:00:01.698Z] > authorizing via signed-in user
[debug] [2020-03-22T03:00:01.698Z] [iam] checking project justinbane-com for permissions ["firebase.projects.get"]
[debug] [2020-03-22T03:00:01.699Z] >>> HTTP REQUEST POST https://cloudresourcemanager.googleapis.com/v1/projects/justinbane-com:testIamPermissions  

[debug] [2020-03-22T03:00:01.984Z] <<< HTTP RESPONSE 200
[debug] [2020-03-22T03:00:01.986Z] >>> HTTP REQUEST GET https://firebase.googleapis.com/v1beta1/projects/justinbane-com  
 
[debug] [2020-03-22T03:00:02.189Z] <<< HTTP RESPONSE 200
[info] 
[info] === Serving from '/Users/justinbane/_FireBase/justinbane.com'...
[info] 
[debug] [2020-03-22T03:00:02.194Z] >>> HTTP REQUEST GET https://firebase.googleapis.com/v1beta1/projects/justinbane-com/webApps/-/config  
 
[warn] ⚠  Your functions directory does not specify a Node version.
   - Learn more at https://firebase.google.com/docs/functions/manage-functions#set_runtime_options
[info] ✔  functions: functions emulator started at http://localhost:5001
[debug] [2020-03-22T03:00:02.556Z] <<< HTTP RESPONSE 200
[info] i  functions: Watching "/Users/justinbane/_FireBase/justinbane.com/functions" for Cloud Functions...
[debug] [2020-03-22T03:00:02.590Z] [worker-pool] addWorker(~diagnostic~)
[debug] [2020-03-22T03:00:02.590Z] [worker-pool] Adding worker with key ~diagnostic~, total=1
[debug] [2020-03-22T03:00:02.590Z] [worker-pool] submitWork(triggerId=)
[debug] [2020-03-22T03:00:02.591Z] [worker-~diagnostic~-479e2c51-a5e0-420a-bd36-d75e46cf2117]: Assigning socketPath: /var/folders/35/yzs4p8cx5hs59ct3gqqqh6qc0000gn/T/fire_emu_23154.sock
[debug] [2020-03-22T03:00:02.591Z] [worker-~diagnostic~-479e2c51-a5e0-420a-bd36-d75e46cf2117]: BUSY
[info] i  hosting: Serving hosting files from: public
[info] ✔  hosting: Local server: http://localhost:5000
[debug] [2020-03-22T03:00:02.818Z] [runtime-status] [23154] Functions runtime initialized. {"cwd":"/Users/justinbane/_FireBase/justinbane.com/functions","node_version":"10.16.3"}
[debug] [2020-03-22T03:00:02.819Z] [runtime-status] [23154] Disabled runtime features: {"functions_config_helper":true,"network_filtering":true,"timeout":true,"memory_limiting":true,"admin_stubs":true,"pubsub_emulator":true}
[debug] [2020-03-22T03:00:02.821Z] [runtime-status] [23154] Resolved module firebase-admin {"declared":true,"installed":true,"version":"5.12.1","resolution":"/Users/justinbane/_FireBase/justinbane.com/functions/node_modules/firebase-admin/lib/index.js"}
[warn] ⚠  The Cloud Functions emulator requires the module "firebase-admin" to be version >8.0.0 so your version is too old. You can probably fix this by running "npm install firebase-admin@latest" in your functions directory.
[info] i  functions: Your functions could not be parsed due to an issue with your node_modules (see above)
[debug] [2020-03-22T03:00:02.835Z] [worker-~diagnostic~-479e2c51-a5e0-420a-bd36-d75e46cf2117]: exited
[debug] [2020-03-22T03:00:02.835Z] [worker-~diagnostic~-479e2c51-a5e0-420a-bd36-d75e46cf2117]: FINISHED
