[debug] [2020-06-20T22:01:20.686Z] ----------------------------------------------------------------------
[debug] [2020-06-20T22:01:20.687Z] Command:       /usr/local/bin/node /usr/local/bin/firebase serve
[debug] [2020-06-20T22:01:20.687Z] CLI Version:   8.4.3
[debug] [2020-06-20T22:01:20.687Z] Platform:      darwin
[debug] [2020-06-20T22:01:20.687Z] Node Version:  v13.12.0
[debug] [2020-06-20T22:01:20.688Z] Time:          Sat Jun 20 2020 15:01:20 GMT-0700 (Pacific Daylight Time)
[debug] [2020-06-20T22:01:20.688Z] ----------------------------------------------------------------------
[debug] [2020-06-20T22:01:20.688Z] 
[debug] [2020-06-20T22:01:20.693Z] > command requires scopes: ["email","openid","https://www.googleapis.com/auth/cloudplatformprojects.readonly","https://www.googleapis.com/auth/firebase","https://www.googleapis.com/auth/cloud-platform"]
[debug] [2020-06-20T22:01:20.694Z] > authorizing via signed-in user
[debug] [2020-06-20T22:01:20.694Z] [iam] checking project justinbane-com for permissions ["firebase.projects.get"]
[debug] [2020-06-20T22:01:20.695Z] >>> HTTP REQUEST POST https://cloudresourcemanager.googleapis.com/v1/projects/justinbane-com:testIamPermissions  
 {"permissions":["firebase.projects.get"]}
[debug] [2020-06-20T22:01:20.936Z] <<< HTTP RESPONSE 200 {"content-type":"application/json; charset=UTF-8","vary":"X-Origin, Referer, Origin,Accept-Encoding","date":"Sat, 20 Jun 2020 22:01:20 GMT","server":"ESF","cache-control":"private","x-xss-protection":"0","x-frame-options":"SAMEORIGIN","x-content-type-options":"nosniff","server-timing":"gfet4t7; dur=142","alt-svc":"h3-28=\":443\"; ma=2592000,h3-27=\":443\"; ma=2592000,h3-25=\":443\"; ma=2592000,h3-T050=\":443\"; ma=2592000,h3-Q050=\":443\"; ma=2592000,h3-Q049=\":443\"; ma=2592000,h3-Q048=\":443\"; ma=2592000,h3-Q046=\":443\"; ma=2592000,h3-Q043=\":443\"; ma=2592000,quic=\":443\"; ma=2592000; v=\"46,43\"","accept-ranges":"none","transfer-encoding":"chunked"}
[debug] [2020-06-20T22:01:20.937Z] >>> HTTP REQUEST GET https://firebase.googleapis.com/v1beta1/projects/justinbane-com  
 
[debug] [2020-06-20T22:01:21.119Z] <<< HTTP RESPONSE 200 {"content-type":"application/json; charset=UTF-8","vary":"X-Origin, Referer, Origin,Accept-Encoding","date":"Sat, 20 Jun 2020 22:01:21 GMT","server":"ESF","cache-control":"private","x-xss-protection":"0","x-frame-options":"SAMEORIGIN","x-content-type-options":"nosniff","alt-svc":"h3-28=\":443\"; ma=2592000,h3-27=\":443\"; ma=2592000,h3-25=\":443\"; ma=2592000,h3-T050=\":443\"; ma=2592000,h3-Q050=\":443\"; ma=2592000,h3-Q046=\":443\"; ma=2592000,h3-Q043=\":443\"; ma=2592000,quic=\":443\"; ma=2592000; v=\"46,43\"","accept-ranges":"none","transfer-encoding":"chunked"}
[info] 
[info] === Serving from '/Users/justinbane/_FireBase/justinbane.com'...
[info] 
[debug] [2020-06-20T22:01:21.123Z] >>> HTTP REQUEST GET https://firebase.googleapis.com/v1beta1/projects/justinbane-com/webApps/-/config  
 
[warn] ⚠  Your functions directory does not specify a Node version.
   - Learn more at https://firebase.google.com/docs/functions/manage-functions#set_runtime_options {"metadata":{"emulator":{"name":"functions"},"message":"Your functions directory does not specify a Node version.\n   - Learn more at https://firebase.google.com/docs/functions/manage-functions#set_runtime_options"}}
[debug] [2020-06-20T22:01:21.387Z] <<< HTTP RESPONSE 200 {"content-type":"application/json; charset=UTF-8","vary":"X-Origin, Referer, Origin,Accept-Encoding","date":"Sat, 20 Jun 2020 22:01:21 GMT","server":"ESF","cache-control":"private","x-xss-protection":"0","x-frame-options":"SAMEORIGIN","x-content-type-options":"nosniff","alt-svc":"h3-28=\":443\"; ma=2592000,h3-27=\":443\"; ma=2592000,h3-25=\":443\"; ma=2592000,h3-T050=\":443\"; ma=2592000,h3-Q050=\":443\"; ma=2592000,h3-Q046=\":443\"; ma=2592000,h3-Q043=\":443\"; ma=2592000,quic=\":443\"; ma=2592000; v=\"46,43\"","accept-ranges":"none","transfer-encoding":"chunked"}
[info] i  functions: Watching "/Users/justinbane/_FireBase/justinbane.com/functions" for Cloud Functions... {"metadata":{"emulator":{"name":"functions"},"message":"Watching \"/Users/justinbane/_FireBase/justinbane.com/functions\" for Cloud Functions..."}}
[debug] [2020-06-20T22:01:21.421Z] [worker-pool] addWorker(~diagnostic~) {"metadata":{"emulator":{"name":"functions"},"message":"[worker-pool] addWorker(~diagnostic~)"}}
[debug] [2020-06-20T22:01:21.421Z] [worker-pool] Adding worker with key ~diagnostic~, total=1 {"metadata":{"emulator":{"name":"functions"},"message":"[worker-pool] Adding worker with key ~diagnostic~, total=1"}}
[debug] [2020-06-20T22:01:21.422Z] [worker-pool] submitWork(triggerId=) {"metadata":{"emulator":{"name":"functions"},"message":"[worker-pool] submitWork(triggerId=)"}}
[debug] [2020-06-20T22:01:21.422Z] [worker-~diagnostic~-668991de-9df4-4814-8d7f-91c5ce45f3a4]: Assigning socketPath: /var/folders/35/yzs4p8cx5hs59ct3gqqqh6qc0000gn/T/fire_emu_38174.sock {"metadata":{"emulator":{"name":"functions"},"message":"[worker-~diagnostic~-668991de-9df4-4814-8d7f-91c5ce45f3a4]: Assigning socketPath: /var/folders/35/yzs4p8cx5hs59ct3gqqqh6qc0000gn/T/fire_emu_38174.sock"}}
[debug] [2020-06-20T22:01:21.422Z] [worker-~diagnostic~-668991de-9df4-4814-8d7f-91c5ce45f3a4]: BUSY {"metadata":{"emulator":{"name":"functions"},"message":"[worker-~diagnostic~-668991de-9df4-4814-8d7f-91c5ce45f3a4]: BUSY"}}
[info] i  hosting: Serving hosting files from: public {"metadata":{"emulator":{"name":"hosting"},"message":"Serving hosting files from: \u001b[1mpublic\u001b[22m"}}
[info] ✔  hosting: Local server: http://localhost:5000 {"metadata":{"emulator":{"name":"hosting"},"message":"Local server: \u001b[4m\u001b[1mhttp://localhost:5000\u001b[22m\u001b[24m"}}
[debug] [2020-06-20T22:01:21.622Z] [runtime-status] [38174] Functions runtime initialized. {"cwd":"/Users/justinbane/_FireBase/justinbane.com/functions","node_version":"13.12.0"} {"metadata":{"emulator":{"name":"functions"},"message":"[runtime-status] [38174] Functions runtime initialized. {\"cwd\":\"/Users/justinbane/_FireBase/justinbane.com/functions\",\"node_version\":\"13.12.0\"}"}}
[debug] [2020-06-20T22:01:21.622Z] [runtime-status] [38174] Disabled runtime features: undefined {"metadata":{"emulator":{"name":"functions"},"message":"[runtime-status] [38174] Disabled runtime features: undefined"}}
[debug] [2020-06-20T22:01:21.623Z] [runtime-status] [38174] Resolved module firebase-admin {"declared":true,"installed":true,"version":"5.12.1","resolution":"/Users/justinbane/_FireBase/justinbane.com/functions/node_modules/firebase-admin/lib/index.js"} {"metadata":{"emulator":{"name":"functions"},"message":"[runtime-status] [38174] Resolved module firebase-admin {\"declared\":true,\"installed\":true,\"version\":\"5.12.1\",\"resolution\":\"/Users/justinbane/_FireBase/justinbane.com/functions/node_modules/firebase-admin/lib/index.js\"}"}}
[warn] ⚠  The Cloud Functions emulator requires the module "firebase-admin" to be version >8.9.0 so your version is too old. You can probably fix this by running "npm install firebase-admin@latest" in your functions directory. {"metadata":{"emulator":{"name":"functions"},"message":"The Cloud Functions emulator requires the module \"firebase-admin\" to be version >8.9.0 so your version is too old. You can probably fix this by running \"npm install firebase-admin@latest\" in your functions directory."}}
[info] i  functions: Your functions could not be parsed due to an issue with your node_modules (see above) {"metadata":{"emulator":{"name":"functions"},"message":"Your functions could not be parsed due to an issue with your node_modules (see above)"}}
[debug] [2020-06-20T22:01:21.638Z] [worker-~diagnostic~-668991de-9df4-4814-8d7f-91c5ce45f3a4]: exited {"metadata":{"emulator":{"name":"functions"},"message":"[worker-~diagnostic~-668991de-9df4-4814-8d7f-91c5ce45f3a4]: exited"}}
[debug] [2020-06-20T22:01:21.638Z] [worker-~diagnostic~-668991de-9df4-4814-8d7f-91c5ce45f3a4]: FINISHED {"metadata":{"emulator":{"name":"functions"},"message":"[worker-~diagnostic~-668991de-9df4-4814-8d7f-91c5ce45f3a4]: FINISHED"}}
[info] i  hosting: 127.0.0.1 - - [20/Jun/2020:22:01:31 +0000] "GET /worker.js HTTP/1.1" 304 - "http://localhost:5000/worker.js" "Mozilla/5.0 (Macintosh; Intel Mac OS X 10_15_5) AppleWebKit/537.36 (KHTML, like Gecko) Chrome/83.0.4103.106 Safari/537.36" {"metadata":{"emulator":{"name":"hosting"},"message":"127.0.0.1 - - [20/Jun/2020:22:01:31 +0000] \"GET /worker.js HTTP/1.1\" 304 - \"http://localhost:5000/worker.js\" \"Mozilla/5.0 (Macintosh; Intel Mac OS X 10_15_5) AppleWebKit/537.36 (KHTML, like Gecko) Chrome/83.0.4103.106 Safari/537.36\""}}
